{
  "stats": {
    "suites": 1,
    "tests": 4,
    "passes": 4,
    "pending": 0,
    "failures": 0,
    "start": "2020-02-05T02:25:18.649Z",
    "end": "2020-02-05T02:25:19.120Z",
    "duration": 471,
    "testsRegistered": 4,
    "passPercent": 100,
    "pendingPercent": 0,
    "other": 0,
    "hasOther": false,
    "skipped": 0,
    "hasSkipped": false,
    "passPercentClass": "success",
    "pendingPercentClass": "danger"
  },
  "suites": {
    "uuid": "70e0d8d9-8580-4ef2-9670-b5f365c3666a",
    "title": "",
    "fullFile": "",
    "file": "",
    "beforeHooks": [],
    "afterHooks": [],
    "tests": [],
    "suites": [
      {
        "uuid": "b155bfc3-02da-46a9-848c-1f09943933a3",
        "title": "OMDB Movie List",
        "fullFile": "E:\\Apitest\\api\\test\\movie-list-test.js",
        "file": "\\api\\test\\movie-list-test.js",
        "beforeHooks": [],
        "afterHooks": [],
        "tests": [
          {
            "title": "@get As a User, I want to be able to get OMDB Movie list",
            "fullTitle": "OMDB Movie List @get As a User, I want to be able to get OMDB Movie list",
            "timedOut": false,
            "duration": 143,
            "state": "passed",
            "speed": "slow",
            "pass": true,
            "fail": false,
            "pending": false,
            "code": "const response = await page.getMovieList(apiKey, keySearch);\nassert(response.status).to.equal(200);\nconsole.log(response.body);",
            "err": {},
            "isRoot": false,
            "uuid": "f70840ca-74fe-4e29-aa4c-907c0ec9736c",
            "isHook": false,
            "skipped": false
          },
          {
            "title": "@get As a User, I want to be able to get Detail OMDB Movie list",
            "fullTitle": "OMDB Movie List @get As a User, I want to be able to get Detail OMDB Movie list",
            "timedOut": false,
            "duration": 144,
            "state": "passed",
            "speed": "slow",
            "pass": true,
            "fail": false,
            "pending": false,
            "code": "const response = await page.getMovieList(apiKey, '', keyTitle);\nassert(response.status).to.equal(200);\nconsole.log(response.body);",
            "err": {},
            "isRoot": false,
            "uuid": "d372aab5-c653-4cf7-95e2-3707efd811a0",
            "isHook": false,
            "skipped": false
          },
          {
            "title": "@get As a User, I should got error message when I send request without key of search",
            "fullTitle": "OMDB Movie List @get As a User, I should got error message when I send request without key of search",
            "timedOut": false,
            "duration": 74,
            "state": "passed",
            "speed": "medium",
            "pass": true,
            "fail": false,
            "pending": false,
            "code": "const response = await page.getMovieList(apiKey, '');\nassert(response.status).to.equal(200, response.body.Error);\nassert(response.body.Response).to.equal('False');\nassert(response.body.Error).to.equal('Something went wrong.');\nconsole.log(response.body);",
            "err": {},
            "isRoot": false,
            "uuid": "8449b0d9-826c-435a-a4a6-168d3fe14366",
            "isHook": false,
            "skipped": false
          },
          {
            "title": "@get As a User, I should got error 401 when I send request with invalid API Key",
            "fullTitle": "OMDB Movie List @get As a User, I should got error 401 when I send request with invalid API Key",
            "timedOut": false,
            "duration": 68,
            "state": "passed",
            "speed": "medium",
            "pass": true,
            "fail": false,
            "pending": false,
            "code": "const response = await page.getMovieList(invalidApiKey, keySearch);\nassert(response.status).to.equal(401, response.body.Error);\nassert(response.body.Response).to.equal('False');\nassert(response.body.Error).to.equal('Invalid API key!');",
            "err": {},
            "isRoot": false,
            "uuid": "38377636-c9b0-4171-9d71-0ccdf2d3eebb",
            "isHook": false,
            "skipped": false
          }
        ],
        "suites": [],
        "passes": [
          "f70840ca-74fe-4e29-aa4c-907c0ec9736c",
          "d372aab5-c653-4cf7-95e2-3707efd811a0",
          "8449b0d9-826c-435a-a4a6-168d3fe14366",
          "38377636-c9b0-4171-9d71-0ccdf2d3eebb"
        ],
        "failures": [],
        "pending": [],
        "skipped": [],
        "duration": 429,
        "root": false,
        "rootEmpty": false,
        "_timeout": 180000
      }
    ],
    "passes": [],
    "failures": [],
    "pending": [],
    "skipped": [],
    "duration": 0,
    "root": true,
    "rootEmpty": true,
    "_timeout": 180000
  },
  "copyrightYear": 2020
}